
2016-04-10 22:17:56|orderid[2016041022175678610]|str[Buy888000420160410221756786101CNYnamehttp://www.zhekou9.com/zhifu/101ka_bank/callback.php0alipayd1]|hmac[f47a31c9f4030abf2d61bcef26cf5ab0]
2016-04-10 22:19:38|orderid[2016041022193861360]|str[Buy888000420160410221938613601CNYnameclassdeschttp://www.zhekou9.com/zhifu/101ka_bank/callback.php0alipayd1]|hmac[58ea62facb4148b0c1eb8b459cac9316]
2016-04-10 22:19:50|orderid[2016041022195064561]|str[Buy888000420160410221950645611CNYnameclassdeschttp://www.zhekou9.com/zhifu/101ka_bank/callback.php0alipayd1]|hmac[f8139617a23a7ffc5a38f31350bd4bd9]
2016-04-10 22:19:53|orderid[2016041022195315459]|str[Buy888000420160410221953154591CNYnameclassdeschttp://www.zhekou9.com/zhifu/101ka_bank/callback.php0alipayd1]|hmac[f2cddf02f886c015b255e75ae7887b7f]
2016-04-10 22:19:55|orderid[2016041022195569618]|str[Buy888000420160410221955696181CNYnameclassdeschttp://www.zhekou9.com/zhifu/101ka_bank/callback.php0alipayd1]|hmac[60856d1567fe1fc5813a7ff5cb55dc2f]
2016-04-10 22:20:36|orderid[2016041022203628328]|str[Buy888000420160410222036283281CNYnameclassdeschttp://www.zhekou9.com/zhifu/101ka_bank/callback.php0alipayd1]|hmac[63bc1d1254a0f8ac5662fa756aa42dde]
2016-04-10 22:20:50|orderid[2016041022205074012]|str[Buy888000420160410222050740121CNYnameclassdeschttp://www.zhekou9.com/zhifu/101ka_bank/callback.php0alipay1]|hmac[64aee2f348a58e1579c7dec687137d2a]
2016-04-10 22:21:17|orderid[2016041022211750363]|str[Buy888000420160410222117503631CNYnameclassdeschttp://www.zhekou9.com/zhifu/101ka_bank/callback.php0alipay1]|hmac[df030f3c53f95612c443f02455eea405]
2016-04-10 22:21:20|orderid[2016041022212098727]|str[Buy888000420160410222120987271CNYnameclassdeschttp://www.zhekou9.com/zhifu/101ka_bank/callback.php0alipay1]|hmac[51bdc9d9370b07d436c993c1a06758a1]
2016-04-10 22:21:20|orderid[2016041022212011116]|str[Buy888000420160410222120111161CNYnameclassdeschttp://www.zhekou9.com/zhifu/101ka_bank/callback.php0alipay1]|hmac[9bacc569f09af5ccd323cd7a12562422]
2016-04-10 22:21:23|orderid[2016041022212341246]|str[Buy888000420160410222123412461CNYnameclassdeschttp://www.zhekou9.com/zhifu/101ka_bank/callback.php0alipay1]|hmac[f09ac6166c0805b7a115af79e39f5a36]
2016-04-10 22:21:25|orderid[2016041022212523261]|str[Buy888000420160410222125232611CNYnameclassdeschttp://www.zhekou9.com/zhifu/101ka_bank/callback.php0alipaywap1]|hmac[6f7546be20e8c4c8b9ff4aeba2a504be]
2016-04-10 22:21:30|orderid[2016041022213084312]|str[Buy888000420160410222130843121CNYnameclassdeschttp://www.zhekou9.com/zhifu/101ka_bank/callback.php0alipaywap1]|hmac[7f928833a04c0d6ef86c682968f01010]
2016-04-10 22:21:30|orderid[2016041022213076220]|str[Buy888000420160410222130762201CNYnameclassdeschttp://www.zhekou9.com/zhifu/101ka_bank/callback.php0alipaywap1]|hmac[d0add733c7e463fa96b45f8275b0b536]
2016-04-10 22:21:30|orderid[2016041022213083846]|str[Buy888000420160410222130838461CNYnameclassdeschttp://www.zhekou9.com/zhifu/101ka_bank/callback.php0alipaywap1]|hmac[04208e44cf422dd721b1d2f72f5fbe3b]
2016-04-10 22:21:43|orderid[2016041022214319870]|str[Buy888000420160410222143198701CNYnameclassdeschttp://www.zhekou9.com/zhifu/101ka_bank/callback.php0alipay1]|hmac[a6a28b89e463974a1133a5081339728c]
2016-04-10 22:21:46|orderid[2016041022214695222]|str[Buy888000420160410222146952221CNYnameclassdeschttp://www.zhekou9.com/zhifu/101ka_bank/callback.php0tenpayd1]|hmac[33b87e3cb451add52ae516e34cb8ee66]
2016-04-10 22:21:49|orderid[2016041022214989558]|str[Buy888000420160410222149895581CNYnameclassdeschttp://www.zhekou9.com/zhifu/101ka_bank/callback.php0tenpay1]|hmac[2a0676b81cc23215b43dd34337aa8fd8]
2016-04-10 22:21:51|orderid[2016041022215117640]|str[Buy888000420160410222151176401CNYnameclassdeschttp://www.zhekou9.com/zhifu/101ka_bank/callback.php0tenpay1]|hmac[a0cc0591cfcec319e344de95695ab737]
2016-04-10 22:21:51|orderid[2016041022215178740]|str[Buy888000420160410222151787401CNYnameclassdeschttp://www.zhekou9.com/zhifu/101ka_bank/callback.php0tenpay1]|hmac[87cf7ffcb6198bd5d72af099ae8f438f]
2016-04-10 22:21:52|orderid[2016041022215268033]|str[Buy888000420160410222152680331CNYnameclassdeschttp://www.zhekou9.com/zhifu/101ka_bank/callback.php0tenpay1]|hmac[00d5fbf28bf241a720d0921bd06ba2ea]
2016-04-10 22:21:54|orderid[2016041022215456450]|str[Buy888000420160410222154564501CNYnameclassdeschttp://www.zhekou9.com/zhifu/101ka_bank/callback.php0tenpay1]|hmac[4aae025022821d6d19de19d25015f4c9]
2016-04-10 22:22:05|orderid[2016041022220588943]|str[Buy888000420160410222205889431CNYnameclassdeschttp://www.zhekou9.com/zhifu/101ka_bank/callback.php0weixin1]|hmac[c49c65e26b12b5d6082054c1316e0532]
2016-04-10 22:22:09|orderid[2016041022220987239]|str[Buy888000420160410222209872391CNYnameclassdeschttp://www.zhekou9.com/zhifu/101ka_bank/callback.php0weixin1]|hmac[63af289ffee6e79da6508c0f4f6914d5]
2016-04-10 22:22:09|orderid[2016041022220926871]|str[Buy888000420160410222209268711CNYnameclassdeschttp://www.zhekou9.com/zhifu/101ka_bank/callback.php0weixin1]|hmac[75146374ef1902f55fb941ba9a3dfb92]
2016-04-10 22:22:09|orderid[2016041022220950040]|str[Buy888000420160410222209500401CNYnameclassdeschttp://www.zhekou9.com/zhifu/101ka_bank/callback.php0weixin1]|hmac[2f2367a40622536327a69d33b583c6e7]
2016-04-10 22:22:15|orderid[2016041022221520749]|str[Buy888000420160410222215207491CNYnameclassdeschttp://www.zhekou9.com/zhifu/101ka_bank/callback.php0wxjs1]|hmac[e2529e1a25bb59a2163723a94d557772]
2016-04-10 22:22:48|orderid[2016041022224828029]|str[Buy888000420160410222248280291CNYnameclassdeschttp://www.zhekou9.com/zhifu/101ka_bank/callback.php01]|hmac[deb5bafca938fc93cd95df43af189557]
2016-04-10 22:22:58|orderid[2016041022225829315]|str[Buy888000420160410222258293151CNYnameclassdeschttp://www.zhekou9.com/zhifu/101ka_bank/callback.php01]|hmac[02034e95f4fbbff90a97721d42c3e551]
2016-04-10 22:23:44|orderid[2016041022234454342]|str[Buy888000420160410222344543421CNYnameclassdeschttp://www.zhekou9.com/zhifu/101ka_bank/callback.php0weixin1]|hmac[0fedf2b7046ba0b4a453fdc06e802506]
2016-04-11 00:49:48|orderid[2016041100494870562]|str[Buy888000420160411004948705621CNYnameclassdeschttp://www.zhekou9.com/zhifu/101ka_bank/callback.php0weixin1]|hmac[3de186e353726861a79eebe92614f810]
2016-04-11 11:22:17|orderid[2016041111221738650]|str[Buy888000420160411112217386501CNYnameclassdeschttp://www.zhekou9.com/zhifu/101ka_bank/callback.php0alipaywap1]|hmac[dd0503ce4f9a9cfc7f6af226f339f89d]
2016-04-11 11:22:17|orderid[2016041111221750092]|str[Buy888000420160411112217500921CNYnameclassdeschttp://www.zhekou9.com/zhifu/101ka_bank/callback.php0weixin1]|hmac[5687694248e441e7973aff7b01736975]
2016-04-11 11:22:17|orderid[2016041111221740776]|str[Buy888000420160411112217407761CNYnameclassdeschttp://www.zhekou9.com/zhifu/101ka_bank/callback.php0tenpay1]|hmac[52312e24f3ecb6fb876298f10f295ed4]
2016-04-11 11:22:17|orderid[2016041111221754025]|str[Buy888000420160411112217540251CNYnameclassdeschttp://www.zhekou9.com/zhifu/101ka_bank/callback.php0alipay1]|hmac[972bf048c156c8bdc19d73fe5a48deaf]
2016-04-11 11:22:17|orderid[2016041111221799541]|str[Buy888000420160411112217995411CNYnameclassdeschttp://www.zhekou9.com/zhifu/101ka_bank/callback.php01]|hmac[9e22824d0df3a320862cbafec3bd225b]
2016-04-11 11:28:57|orderid[2016041111285787052]|str[Buy888000420160411112857870520.1CNYnameclassdeschttp://www.zhekou9.com/zhifu/101ka_bank/callback.php0alipay1]|hmac[49d6ec48ea91d4a07f968d0d7dcde8ee]
2016-04-11 11:29:05|orderid[2016041111290561873]|str[Buy888000420160411112905618730.1CNYnameclassdeschttp://www.zhekou9.com/zhifu/101ka_bank/callback.php0alipay1]|hmac[65b3a97524952214ef6021a63a71a148]
2016-04-11 11:32:36|orderid[2016041111323693731]|str[Buy888000420160411113236937311CNYnameclassdeschttp://www.zhekou9.com/zhifu/101ka_bank/callback.php0alipay1]|hmac[73bab552d95faad3a355f7b6bec0af8a]
2016-04-11 11:32:41|orderid[2016041111324146096]|str[Buy888000420160411113241460961CNYnameclassdeschttp://www.zhekou9.com/zhifu/101ka_bank/callback.php0alipay1]|hmac[da3ae0b28367608120ea94006c2c2209]
2016-04-11 11:32:48|orderid[2016041111324812014]|str[Buy888000420160411113248120141CNYnameclassdeschttp://www.zhekou9.com/zhifu/101ka_bank/callback.php0alipay1]|hmac[c66a32f36a86de0f0fdac62b412d5696]
2016-04-11 11:33:21|orderid[2016041111324812014]|str[8880004Buy12016041111330178121431.000RMB20160411113248120142]|hmac[dead22c9850ee51c5a120d83fc9c8808]
2016-04-11 11:33:30|orderid[2016041111324812014]|str[8880004Buy12016041111330178121431.000RMB20160411113248120141]|hmac[8ec24c5bcc3b59969834e348ab66c700]